<?xml version='1.0' encoding='UTF-8'?>
<testsuite hostname="HP-Tristan" name="ClimateServiceTest" tests="7" errors="0" failures="0" skipped="0" time="0.188" timestamp="2023-04-14T00:45:56">
          <properties>
      <property name="java.specification.version" value="17"/><property name="sun.cpu.isalist" value="amd64"/><property name="sun.jnu.encoding" value="Cp1252"/><property name="sun.arch.data.model" value="64"/><property name="sbt.supershell" value="false"/><property name="java.vendor.url" value="https://aws.amazon.com/corretto/"/><property name="sun.boot.library.path" value="C:\Users\trist\.jdks\corretto-17.0.6\bin"/><property name="sun.java.command" value="C:\Users\trist\AppData\Roaming\JetBrains\IdeaIC2023.1\plugins\Scala\launcher\sbt-launch.jar early(addPluginSbtFile=&quot;&quot;&quot;C:\Users\trist\AppData\Local\Temp\idea.sbt&quot;&quot;&quot;) ; set ideaPort in Global := 56908 ; idea-shell"/><property name="jdk.debug" value="release"/><property name="sun.stderr.encoding" value="cp850"/><property name="java.specification.vendor" value="Oracle Corporation"/><property name="java.version.date" value="2023-01-17"/><property name="java.home" value="C:\Users\trist\.jdks\corretto-17.0.6"/><property name="file.separator" value="\"/><property name="java.vm.compressedOopsMode" value="32-bit"/><property name="line.separator" value="
"/><property name="sun.stdout.encoding" value="cp850"/><property name="java.vm.specification.vendor" value="Oracle Corporation"/><property name="java.specification.name" value="Java Platform API Specification"/><property name="idea.installation.dir" value="C:\Program Files\JetBrains\IntelliJ IDEA Community Edition 2023.1"/><property name="user.script" value=""/><property name="sun.management.compiler" value="HotSpot 64-Bit Tiered Compilers"/><property name="java.runtime.version" value="17.0.6+10-LTS"/><property name="user.name" value="trist"/><property name="log4j.ignoreTCL" value="true"/><property name="file.encoding" value="UTF-8"/><property name="jnidispatch.path" value="C:\Users\trist\AppData\Local\Temp\jna-110629196\jna1758718138248685916.dll"/><property name="java.vendor.version" value="Corretto-17.0.6.10.1"/><property name="jna.loaded" value="true"/><property name="java.io.tmpdir" value="C:\Users\trist\AppData\Local\Temp\"/><property name="java.version" value="17.0.6"/><property name="java.vm.specification.name" value="Java Virtual Machine Specification"/><property name="sun.os.patch.level" value=""/><property name="native.encoding" value="Cp1252"/><property name="java.library.path" value="C:\Users\trist\.jdks\corretto-17.0.6\bin;C:\WINDOWS\Sun\Java\bin;C:\WINDOWS\system32;C:\WINDOWS;C:\Program Files\Volta\;C:\Program Files (x86)\Common Files\Oracle\Java\javapath;C:\Program Files\Common Files\Oracle\Java\javapath;C:\windows\system32;C:\windows;C:\windows\System32\Wbem;C:\windows\System32\WindowsPowerShell\v1.0\;C:\windows\System32\OpenSSH\;C:\Program Files (x86)\NVIDIA Corporation\PhysX\Common;C:\Program Files\NVIDIA Corporation\NVIDIA NvDLISR;C:\Program Files\Intel\WiFi\bin\;C:\Program Files\Common Files\Intel\WirelessCommon\;C:\WINDOWS\system32;C:\WINDOWS;C:\WINDOWS\System32\Wbem;C:\WINDOWS\System32\WindowsPowerShell\v1.0\;C:\WINDOWS\System32\OpenSSH\;C:\Program Files\MATLAB\R2020a\bin;C:\Program Files (x86)\dotnet\;C:\Program Files\Meld\;C:\Program Files (x86)\GitExtensions\;C:\Program Files\dotnet\;%NVM_HOME%;%NVM_SYMLINK%;C:\Program Files\Docker\Docker\resources\bin;C:\Program Files\Git\cmd;C:\Users\trist\AppData\Local\Volta\bin;C:\Users\trist\AppData\Local\Microsoft\WindowsApps;C:\Users\trist\AppData\Local\GitHubDesktop\bin;C:\Users\trist\AppData\Local\Programs\Microsoft VS Code\bin;C:\Users\trist\AppData\Roaming\nvm;C:\Program Files\nodejs;C:\Users\trist\AppData\Local\Coursier\data\bin;."/><property name="java.vendor" value="Amazon.com Inc."/><property name="sun.io.unicode.encoding" value="UnicodeLittle"/><property name="java.class.path" value="C:\Users\trist\AppData\Roaming\JetBrains\IdeaIC2023.1\plugins\Scala\launcher\sbt-launch.jar"/><property name="java.vm.vendor" value="Amazon.com Inc."/><property name="user.variant" value=""/><property name="jline.shutdownhook" value="false"/><property name="user.timezone" value="Europe/Paris"/><property name="java.vm.specification.version" value="17"/><property name="os.name" value="Windows 11"/><property name="sun.java.launcher" value="SUN_STANDARD"/><property name="user.country" value="FR"/><property name="sun.cpu.endian" value="little"/><property name="user.home" value="C:\Users\trist"/><property name="user.language" value="fr"/><property name="swoval.tmpdir" value="C:\Users\trist\.sbt\1.0"/><property name="jline.esc.timeout" value="0"/><property name="path.separator" value=";"/><property name="os.version" value="10.0"/><property name="jna.nosys" value="true"/><property name="java.runtime.name" value="OpenJDK Runtime Environment"/><property name="sbt.log.noformat" value="true"/><property name="java.vm.name" value="OpenJDK 64-Bit Server VM"/><property name="java.vendor.url.bug" value="https://github.com/corretto/corretto-17/issues/"/><property name="user.dir" value="C:\Users\trist\OneDrive\Documents\EPF\4A\Semestre 2\Data processing developement\tp-main\data-engineering\tp-functional-programming-scala"/><property name="os.arch" value="amd64"/><property name="idea.managed" value="true"/><property name="java.vm.info" value="mixed mode, sharing"/><property name="java.vm.version" value="17.0.6+10-LTS"/><property name="java.class.version" value="61.0"/>
    </properties>
          <testcase classname="ClimateServiceTest" name="containsWordGlobalWarming - non climate related words should return false" time="0.188">
                      
                    </testcase><testcase classname="ClimateServiceTest" name="isClimateRelated - climate related words should return true" time="0.0">
                      
                    </testcase><testcase classname="ClimateServiceTest" name="parseRawData" time="0.0">
                      
                    </testcase><testcase classname="ClimateServiceTest" name="Min - Max" time="0.0">
                      
                    </testcase><testcase classname="ClimateServiceTest" name="Min - Max by year" time="0.0">
                      
                    </testcase><testcase classname="ClimateServiceTest" name="Min max difference" time="0.0">
                      
                    </testcase><testcase classname="ClimateServiceTest" name="filterDecemberData" time="0.0">
                      
                    </testcase>
          <system-out><![CDATA[]]></system-out>
          <system-err><![CDATA[]]></system-err>
        </testsuite>